# JRE version: Java(TM) SE Runtime Environment (8.0_151-b12) (build 1.8.0_151-b12)
# Java VM: Java HotSpot(TM) 64-Bit Server VM (25.151-b12 mixed mode windows-amd64 compressed oops)
Heap:
 PSYoungGen      total 142848K, used 38643K [0x00000000d5e00000, 0x00000000df300000, 0x0000000100000000)
  eden space 133120K, 22% used [0x00000000d5e00000,0x00000000d7bb8ed0,0x00000000de000000)
  from space 9728K, 84% used [0x00000000de980000,0x00000000df183dc8,0x00000000df300000)
  to   space 9728K, 0% used [0x00000000de000000,0x00000000de000000,0x00000000de980000)
 ParOldGen       total 82432K, used 36287K [0x0000000081a00000, 0x0000000086a80000, 0x00000000d5e00000)
  object space 82432K, 44% used [0x0000000081a00000,0x0000000083d6ffb8,0x0000000086a80000)
 Metaspace       used 41278K, capacity 41882K, committed 42328K, reserved 1087488K
  class space    used 5458K, capacity 5635K, committed 5760K, reserved 1048576K
GC Heap History (10 events):
Event: 17.415 GC heap before
{Heap before GC invocations=16 (full 2):
 PSYoungGen      total 142848K, used 142847K [0x00000000d5e00000, 0x00000000df300000, 0x0000000100000000)
  eden space 133120K, 100% used [0x00000000d5e00000,0x00000000de000000,0x00000000de000000)
  from space 9728K, 99% used [0x00000000de000000,0x00000000de97fe18,0x00000000de980000)
  to   space 9728K, 0% used [0x00000000de980000,0x00000000de980000,0x00000000df300000)
 ParOldGen       total 82432K, used 23542K [0x0000000081a00000, 0x0000000086a80000, 0x00000000d5e00000)
  object space 82432K, 28% used [0x0000000081a00000,0x00000000830fd980,0x0000000086a80000)
 Metaspace       used 39328K, capacity 39880K, committed 40152K, reserved 1085440K
  class space    used 5165K, capacity 5312K, committed 5376K, reserved 1048576K
Event: 17.421 GC heap after
Heap after GC invocations=16 (full 2):
 PSYoungGen      total 142848K, used 7904K [0x00000000d5e00000, 0x00000000df300000, 0x0000000100000000)
  eden space 133120K, 0% used [0x00000000d5e00000,0x00000000d5e00000,0x00000000de000000)
  from space 9728K, 81% used [0x00000000de980000,0x00000000df138000,0x00000000df300000)
  to   space 9728K, 0% used [0x00000000de000000,0x00000000de000000,0x00000000de980000)
 ParOldGen       total 82432K, used 29099K [0x0000000081a00000, 0x0000000086a80000, 0x00000000d5e00000)
  object space 82432K, 35% used [0x0000000081a00000,0x000000008366ac88,0x0000000086a80000)
 Metaspace       used 39328K, capacity 39880K, committed 40152K, reserved 1085440K
  class space    used 5165K, capacity 5312K, committed 5376K, reserved 1048576K
}
Event: 18.090 GC heap before
{Heap before GC invocations=17 (full 2):
 PSYoungGen      total 142848K, used 141024K [0x00000000d5e00000, 0x00000000df300000, 0x0000000100000000)
  eden space 133120K, 100% used [0x00000000d5e00000,0x00000000de000000,0x00000000de000000)
  from space 9728K, 81% used [0x00000000de980000,0x00000000df138000,0x00000000df300000)
  to   space 9728K, 0% used [0x00000000de000000,0x00000000de000000,0x00000000de980000)
 ParOldGen       total 82432K, used 29099K [0x0000000081a00000, 0x0000000086a80000, 0x00000000d5e00000)
  object space 82432K, 35% used [0x0000000081a00000,0x000000008366ac88,0x0000000086a80000)
 Metaspace       used 39452K, capacity 40014K, committed 40408K, reserved 1085440K
  class space    used 5179K, capacity 5313K, committed 5376K, reserved 1048576K
Event: 18.095 GC heap after
Heap after GC invocations=17 (full 2):
 PSYoungGen      total 142848K, used 7573K [0x00000000d5e00000, 0x00000000df300000, 0x0000000100000000)
  eden space 133120K, 0% used [0x00000000d5e00000,0x00000000d5e00000,0x00000000de000000)
  from space 9728K, 77% used [0x00000000de000000,0x00000000de765600,0x00000000de980000)
  to   space 9728K, 0% used [0x00000000de980000,0x00000000de980000,0x00000000df300000)
 ParOldGen       total 82432K, used 30027K [0x0000000081a00000, 0x0000000086a80000, 0x00000000d5e00000)
  object space 82432K, 36% used [0x0000000081a00000,0x0000000083752cd8,0x0000000086a80000)
 Metaspace       used 39452K, capacity 40014K, committed 40408K, reserved 1085440K
  class space    used 5179K, capacity 5313K, committed 5376K, reserved 1048576K
}
Event: 18.463 GC heap before
{Heap before GC invocations=18 (full 2):
 PSYoungGen      total 142848K, used 140693K [0x00000000d5e00000, 0x00000000df300000, 0x0000000100000000)
  eden space 133120K, 100% used [0x00000000d5e00000,0x00000000de000000,0x00000000de000000)
  from space 9728K, 77% used [0x00000000de000000,0x00000000de765600,0x00000000de980000)
  to   space 9728K, 0% used [0x00000000de980000,0x00000000de980000,0x00000000df300000)
 ParOldGen       total 82432K, used 30027K [0x0000000081a00000, 0x0000000086a80000, 0x00000000d5e00000)
  object space 82432K, 36% used [0x0000000081a00000,0x0000000083752cd8,0x0000000086a80000)
 Metaspace       used 39608K, capacity 40174K, committed 40408K, reserved 1085440K
  class space    used 5205K, capacity 5345K, committed 5376K, reserved 1048576K
Event: 18.468 GC heap after
Heap after GC invocations=18 (full 2):
 PSYoungGen      total 142848K, used 9727K [0x00000000d5e00000, 0x00000000df300000, 0x0000000100000000)
  eden space 133120K, 0% used [0x00000000d5e00000,0x00000000d5e00000,0x00000000de000000)
  from space 9728K, 99% used [0x00000000de980000,0x00000000df2ffe28,0x00000000df300000)
  to   space 9728K, 0% used [0x00000000de000000,0x00000000de000000,0x00000000de980000)
 ParOldGen       total 82432K, used 31939K [0x0000000081a00000, 0x0000000086a80000, 0x00000000d5e00000)
  object space 82432K, 38% used [0x0000000081a00000,0x0000000083930f38,0x0000000086a80000)
 Metaspace       used 39608K, capacity 40174K, committed 40408K, reserved 1085440K
  class space    used 5205K, capacity 5345K, committed 5376K, reserved 1048576K
}
Event: 19.117 GC heap before
{Heap before GC invocations=19 (full 2):
 PSYoungGen      total 142848K, used 142847K [0x00000000d5e00000, 0x00000000df300000, 0x0000000100000000)
  eden space 133120K, 100% used [0x00000000d5e00000,0x00000000de000000,0x00000000de000000)
  from space 9728K, 99% used [0x00000000de980000,0x00000000df2ffe28,0x00000000df300000)
  to   space 9728K, 0% used [0x00000000de000000,0x00000000de000000,0x00000000de980000)
 ParOldGen       total 82432K, used 31939K [0x0000000081a00000, 0x0000000086a80000, 0x00000000d5e00000)
  object space 82432K, 38% used [0x0000000081a00000,0x0000000083930f38,0x0000000086a80000)
 Metaspace       used 39960K, capacity 40558K, committed 41048K, reserved 1085440K
  class space    used 5260K, capacity 5409K, committed 5504K, reserved 1048576K
Event: 19.122 GC heap after
Heap after GC invocations=19 (full 2):
 PSYoungGen      total 142848K, used 6096K [0x00000000d5e00000, 0x00000000df300000, 0x0000000100000000)
  eden space 133120K, 0% used [0x00000000d5e00000,0x00000000d5e00000,0x00000000de000000)
  from space 9728K, 62% used [0x00000000de000000,0x00000000de5f4050,0x00000000de980000)
  to   space 9728K, 0% used [0x00000000de980000,0x00000000de980000,0x00000000df300000)
 ParOldGen       total 82432K, used 32635K [0x0000000081a00000, 0x0000000086a80000, 0x00000000d5e00000)
  object space 82432K, 39% used [0x0000000081a00000,0x00000000839def38,0x0000000086a80000)
 Metaspace       used 39960K, capacity 40558K, committed 41048K, reserved 1085440K
  class space    used 5260K, capacity 5409K, committed 5504K, reserved 1048576K
}
Event: 19.652 GC heap before
{Heap before GC invocations=20 (full 2):
 PSYoungGen      total 142848K, used 139216K [0x00000000d5e00000, 0x00000000df300000, 0x0000000100000000)
  eden space 133120K, 100% used [0x00000000d5e00000,0x00000000de000000,0x00000000de000000)
  from space 9728K, 62% used [0x00000000de000000,0x00000000de5f4050,0x00000000de980000)
  to   space 9728K, 0% used [0x00000000de980000,0x00000000de980000,0x00000000df300000)
 ParOldGen       total 82432K, used 32635K [0x0000000081a00000, 0x0000000086a80000, 0x00000000d5e00000)
  object space 82432K, 39% used [0x0000000081a00000,0x00000000839def38,0x0000000086a80000)
 Metaspace       used 40698K, capacity 41236K, committed 41688K, reserved 1085440K
  class space    used 5355K, capacity 5506K, committed 5632K, reserved 1048576K
Event: 19.659 GC heap after
Heap after GC invocations=20 (full 2):
 PSYoungGen      total 142848K, used 7836K [0x00000000d5e00000, 0x00000000df300000, 0x0000000100000000)
  eden space 133120K, 0% used [0x00000000d5e00000,0x00000000d5e00000,0x00000000de000000)
  from space 9728K, 80% used [0x00000000de980000,0x00000000df127368,0x00000000df300000)
  to   space 9728K, 0% used [0x00000000de000000,0x00000000de000000,0x00000000de980000)
 ParOldGen       total 82432K, used 34083K [0x0000000081a00000, 0x0000000086a80000, 0x00000000d5e00000)
  object space 82432K, 41% used [0x0000000081a00000,0x0000000083b48fa8,0x0000000086a80000)
 Metaspace       used 40698K, capacity 41236K, committed 41688K, reserved 1085440K
  class space    used 5355K, capacity 5506K, committed 5632K, reserved 1048576K
}

