# JRE version: Java(TM) SE Runtime Environment (8.0_151-b12) (build 1.8.0_151-b12)
# Java VM: Java HotSpot(TM) 64-Bit Server VM (25.151-b12 mixed mode windows-amd64 compressed oops)
Heap:
 PSYoungGen      total 142848K, used 87635K [0x00000000d5e00000, 0x00000000df300000, 0x0000000100000000)
  eden space 133120K, 65% used [0x00000000d5e00000,0x00000000db394e80,0x00000000de000000)
  from space 9728K, 0% used [0x00000000de000000,0x00000000de000000,0x00000000de980000)
  to   space 9728K, 0% used [0x00000000de980000,0x00000000de980000,0x00000000df300000)
 ParOldGen       total 58880K, used 46583K [0x0000000081a00000, 0x0000000085380000, 0x00000000d5e00000)
  object space 58880K, 79% used [0x0000000081a00000,0x000000008477df20,0x0000000085380000)
 Metaspace       used 51592K, capacity 52396K, committed 52568K, reserved 1095680K
  class space    used 7068K, capacity 7250K, committed 7296K, reserved 1048576K
GC Heap History (10 events):
Event: 15.542 GC heap before
{Heap before GC invocations=37 (full 3):
 PSYoungGen      total 142848K, used 142828K [0x00000000d5e00000, 0x00000000df300000, 0x0000000100000000)
  eden space 133120K, 100% used [0x00000000d5e00000,0x00000000de000000,0x00000000de000000)
  from space 9728K, 99% used [0x00000000de000000,0x00000000de97b0e0,0x00000000de980000)
  to   space 9728K, 0% used [0x00000000de980000,0x00000000de980000,0x00000000df300000)
 ParOldGen       total 58880K, used 45543K [0x0000000081a00000, 0x0000000085380000, 0x00000000d5e00000)
  object space 58880K, 77% used [0x0000000081a00000,0x0000000084679da8,0x0000000085380000)
 Metaspace       used 44191K, capacity 44852K, committed 45272K, reserved 1089536K
  class space    used 5864K, capacity 6018K, committed 6144K, reserved 1048576K
Event: 15.548 GC heap after
Heap after GC invocations=37 (full 3):
 PSYoungGen      total 142848K, used 9696K [0x00000000d5e00000, 0x00000000df300000, 0x0000000100000000)
  eden space 133120K, 0% used [0x00000000d5e00000,0x00000000d5e00000,0x00000000de000000)
  from space 9728K, 99% used [0x00000000de980000,0x00000000df2f82e0,0x00000000df300000)
  to   space 9728K, 0% used [0x00000000de000000,0x00000000de000000,0x00000000de980000)
 ParOldGen       total 58880K, used 46843K [0x0000000081a00000, 0x0000000085380000, 0x00000000d5e00000)
  object space 58880K, 79% used [0x0000000081a00000,0x00000000847bedb8,0x0000000085380000)
 Metaspace       used 44191K, capacity 44852K, committed 45272K, reserved 1089536K
  class space    used 5864K, capacity 6018K, committed 6144K, reserved 1048576K
}
Event: 15.879 GC heap before
{Heap before GC invocations=38 (full 3):
 PSYoungGen      total 142848K, used 142816K [0x00000000d5e00000, 0x00000000df300000, 0x0000000100000000)
  eden space 133120K, 100% used [0x00000000d5e00000,0x00000000de000000,0x00000000de000000)
  from space 9728K, 99% used [0x00000000de980000,0x00000000df2f82e0,0x00000000df300000)
  to   space 9728K, 0% used [0x00000000de000000,0x00000000de000000,0x00000000de980000)
 ParOldGen       total 58880K, used 46843K [0x0000000081a00000, 0x0000000085380000, 0x00000000d5e00000)
  object space 58880K, 79% used [0x0000000081a00000,0x00000000847bedb8,0x0000000085380000)
 Metaspace       used 44605K, capacity 45300K, committed 45528K, reserved 1089536K
  class space    used 5917K, capacity 6082K, committed 6144K, reserved 1048576K
Event: 15.887 GC heap after
Heap after GC invocations=38 (full 3):
 PSYoungGen      total 142848K, used 7040K [0x00000000d5e00000, 0x00000000df300000, 0x0000000100000000)
  eden space 133120K, 0% used [0x00000000d5e00000,0x00000000d5e00000,0x00000000de000000)
  from space 9728K, 72% used [0x00000000de000000,0x00000000de6e0000,0x00000000de980000)
  to   space 9728K, 0% used [0x00000000de980000,0x00000000de980000,0x00000000df300000)
 ParOldGen       total 58880K, used 49079K [0x0000000081a00000, 0x0000000085380000, 0x00000000d5e00000)
  object space 58880K, 83% used [0x0000000081a00000,0x00000000849ede18,0x0000000085380000)
 Metaspace       used 44605K, capacity 45300K, committed 45528K, reserved 1089536K
  class space    used 5917K, capacity 6082K, committed 6144K, reserved 1048576K
}
Event: 17.667 GC heap before
{Heap before GC invocations=39 (full 3):
 PSYoungGen      total 142848K, used 140160K [0x00000000d5e00000, 0x00000000df300000, 0x0000000100000000)
  eden space 133120K, 100% used [0x00000000d5e00000,0x00000000de000000,0x00000000de000000)
  from space 9728K, 72% used [0x00000000de000000,0x00000000de6e0000,0x00000000de980000)
  to   space 9728K, 0% used [0x00000000de980000,0x00000000de980000,0x00000000df300000)
 ParOldGen       total 58880K, used 49079K [0x0000000081a00000, 0x0000000085380000, 0x00000000d5e00000)
  object space 58880K, 83% used [0x0000000081a00000,0x00000000849ede18,0x0000000085380000)
 Metaspace       used 45016K, capacity 45788K, committed 45912K, reserved 1089536K
  class space    used 5977K, capacity 6158K, committed 6272K, reserved 1048576K
Event: 17.673 GC heap after
Heap after GC invocations=39 (full 3):
 PSYoungGen      total 142848K, used 5947K [0x00000000d5e00000, 0x00000000df300000, 0x0000000100000000)
  eden space 133120K, 0% used [0x00000000d5e00000,0x00000000d5e00000,0x00000000de000000)
  from space 9728K, 61% used [0x00000000de980000,0x00000000def4ee88,0x00000000df300000)
  to   space 9728K, 0% used [0x00000000de000000,0x00000000de000000,0x00000000de980000)
 ParOldGen       total 58880K, used 49087K [0x0000000081a00000, 0x0000000085380000, 0x00000000d5e00000)
  object space 58880K, 83% used [0x0000000081a00000,0x00000000849efe18,0x0000000085380000)
 Metaspace       used 45016K, capacity 45788K, committed 45912K, reserved 1089536K
  class space    used 5977K, capacity 6158K, committed 6272K, reserved 1048576K
}
Event: 18.272 GC heap before
{Heap before GC invocations=40 (full 3):
 PSYoungGen      total 142848K, used 139067K [0x00000000d5e00000, 0x00000000df300000, 0x0000000100000000)
  eden space 133120K, 100% used [0x00000000d5e00000,0x00000000de000000,0x00000000de000000)
  from space 9728K, 61% used [0x00000000de980000,0x00000000def4ee88,0x00000000df300000)
  to   space 9728K, 0% used [0x00000000de000000,0x00000000de000000,0x00000000de980000)
 ParOldGen       total 58880K, used 49087K [0x0000000081a00000, 0x0000000085380000, 0x00000000d5e00000)
  object space 58880K, 83% used [0x0000000081a00000,0x00000000849efe18,0x0000000085380000)
 Metaspace       used 47628K, capacity 48454K, committed 48472K, reserved 1091584K
  class space    used 6335K, capacity 6513K, committed 6528K, reserved 1048576K
Event: 18.285 GC heap after
Heap after GC invocations=40 (full 3):
 PSYoungGen      total 142848K, used 9722K [0x00000000d5e00000, 0x00000000df300000, 0x0000000100000000)
  eden space 133120K, 0% used [0x00000000d5e00000,0x00000000d5e00000,0x00000000de000000)
  from space 9728K, 99% used [0x00000000de000000,0x00000000de97ebf8,0x00000000de980000)
  to   space 9728K, 0% used [0x00000000de980000,0x00000000de980000,0x00000000df300000)
 ParOldGen       total 58880K, used 55508K [0x0000000081a00000, 0x0000000085380000, 0x00000000d5e00000)
  object space 58880K, 94% used [0x0000000081a00000,0x0000000085035278,0x0000000085380000)
 Metaspace       used 47628K, capacity 48454K, committed 48472K, reserved 1091584K
  class space    used 6335K, capacity 6513K, committed 6528K, reserved 1048576K
}
Event: 18.285 GC heap before
{Heap before GC invocations=41 (full 4):
 PSYoungGen      total 142848K, used 9722K [0x00000000d5e00000, 0x00000000df300000, 0x0000000100000000)
  eden space 133120K, 0% used [0x00000000d5e00000,0x00000000d5e00000,0x00000000de000000)
  from space 9728K, 99% used [0x00000000de000000,0x00000000de97ebf8,0x00000000de980000)
  to   space 9728K, 0% used [0x00000000de980000,0x00000000de980000,0x00000000df300000)
 ParOldGen       total 58880K, used 55508K [0x0000000081a00000, 0x0000000085380000, 0x00000000d5e00000)
  object space 58880K, 94% used [0x0000000081a00000,0x0000000085035278,0x0000000085380000)
 Metaspace       used 47628K, capacity 48454K, committed 48472K, reserved 1091584K
  class space    used 6335K, capacity 6513K, committed 6528K, reserved 1048576K
Event: 18.441 GC heap after
Heap after GC invocations=41 (full 4):
 PSYoungGen      total 142848K, used 0K [0x00000000d5e00000, 0x00000000df300000, 0x0000000100000000)
  eden space 133120K, 0% used [0x00000000d5e00000,0x00000000d5e00000,0x00000000de000000)
  from space 9728K, 0% used [0x00000000de000000,0x00000000de000000,0x00000000de980000)
  to   space 9728K, 0% used [0x00000000de980000,0x00000000de980000,0x00000000df300000)
 ParOldGen       total 58880K, used 46583K [0x0000000081a00000, 0x0000000085380000, 0x00000000d5e00000)
  object space 58880K, 79% used [0x0000000081a00000,0x000000008477df20,0x0000000085380000)
 Metaspace       used 47628K, capacity 48454K, committed 48472K, reserved 1091584K
  class space    used 6335K, capacity 6513K, committed 6528K, reserved 1048576K
}

